0 info it worked if it ends with ok
1 verbose cli [ '/Users/home/.nvm/versions/node/v4.2.4/bin/node',
1 verbose cli   '/Users/home/.nvm/versions/node/v4.2.4/bin/npm',
1 verbose cli   'install',
1 verbose cli   'fav-icon' ]
2 info using npm@2.14.12
3 info using node@v4.2.4
4 verbose install initial load of /Users/home/ch/hw15vacations/package.json
5 verbose installManyTop reading scoped package data from /Users/home/ch/hw15vacations/node_modules/body-parser/package.json
6 verbose installManyTop reading scoped package data from /Users/home/ch/hw15vacations/node_modules/cookie-parser/package.json
7 verbose installManyTop reading scoped package data from /Users/home/ch/hw15vacations/node_modules/debug/package.json
8 verbose installManyTop reading scoped package data from /Users/home/ch/hw15vacations/node_modules/express/package.json
9 verbose installManyTop reading scoped package data from /Users/home/ch/hw15vacations/node_modules/jade/package.json
10 verbose installManyTop reading scoped package data from /Users/home/ch/hw15vacations/node_modules/morgan/package.json
11 verbose installManyTop reading scoped package data from /Users/home/ch/hw15vacations/node_modules/mysql/package.json
12 verbose installManyTop reading scoped package data from /Users/home/ch/hw15vacations/node_modules/serve-favicon/package.json
13 verbose installManyTop reading scoped package data from /Users/home/ch/hw15vacations/node_modules/ui-router/package.json
14 verbose readDependencies loading dependencies from /Users/home/ch/hw15vacations/package.json
15 silly cache add args [ 'fav-icon', null ]
16 verbose cache add spec fav-icon
17 silly cache add parsed spec Result {
17 silly cache add   raw: 'fav-icon',
17 silly cache add   scope: null,
17 silly cache add   name: 'fav-icon',
17 silly cache add   rawSpec: '',
17 silly cache add   spec: 'latest',
17 silly cache add   type: 'tag' }
18 silly addNamed fav-icon@latest
19 verbose addNamed "latest" is being treated as a dist-tag for fav-icon
20 info addNameTag [ 'fav-icon', 'latest' ]
21 silly mapToRegistry name fav-icon
22 silly mapToRegistry using default registry
23 silly mapToRegistry registry https://registry.npmjs.org/
24 silly mapToRegistry uri https://registry.npmjs.org/fav-icon
25 verbose addNameTag registry:https://registry.npmjs.org/fav-icon not in flight; fetching
26 verbose request uri https://registry.npmjs.org/fav-icon
27 verbose request no auth needed
28 info attempt registry request try #1 at 5:20:23 PM
29 verbose request id fffe38ee90ca6ae1
30 http request GET https://registry.npmjs.org/fav-icon
31 http 404 https://registry.npmjs.org/fav-icon
32 verbose headers { 'content-type': 'application/json',
32 verbose headers   'cache-control': 'max-age=0',
32 verbose headers   'content-length': '2',
32 verbose headers   'accept-ranges': 'bytes',
32 verbose headers   date: 'Sat, 19 Mar 2016 00:20:24 GMT',
32 verbose headers   via: '1.1 varnish',
32 verbose headers   age: '0',
32 verbose headers   connection: 'keep-alive',
32 verbose headers   'x-served-by': 'cache-sjc3125-SJC',
32 verbose headers   'x-cache': 'MISS',
32 verbose headers   'x-cache-hits': '0',
32 verbose headers   'x-timer': 'S1458346823.722875,VS0,VE349' }
33 silly get cb [ 404,
33 silly get   { 'content-type': 'application/json',
33 silly get     'cache-control': 'max-age=0',
33 silly get     'content-length': '2',
33 silly get     'accept-ranges': 'bytes',
33 silly get     date: 'Sat, 19 Mar 2016 00:20:24 GMT',
33 silly get     via: '1.1 varnish',
33 silly get     age: '0',
33 silly get     connection: 'keep-alive',
33 silly get     'x-served-by': 'cache-sjc3125-SJC',
33 silly get     'x-cache': 'MISS',
33 silly get     'x-cache-hits': '0',
33 silly get     'x-timer': 'S1458346823.722875,VS0,VE349' } ]
34 verbose stack Error: Registry returned 404 for GET on https://registry.npmjs.org/fav-icon
34 verbose stack     at makeError (/Users/home/.nvm/versions/node/v4.2.4/lib/node_modules/npm/node_modules/npm-registry-client/lib/request.js:264:12)
34 verbose stack     at CachingRegistryClient.<anonymous> (/Users/home/.nvm/versions/node/v4.2.4/lib/node_modules/npm/node_modules/npm-registry-client/lib/request.js:242:14)
34 verbose stack     at Request._callback (/Users/home/.nvm/versions/node/v4.2.4/lib/node_modules/npm/node_modules/npm-registry-client/lib/request.js:172:14)
34 verbose stack     at Request.self.callback (/Users/home/.nvm/versions/node/v4.2.4/lib/node_modules/npm/node_modules/request/request.js:198:22)
34 verbose stack     at emitTwo (events.js:87:13)
34 verbose stack     at Request.emit (events.js:172:7)
34 verbose stack     at Request.<anonymous> (/Users/home/.nvm/versions/node/v4.2.4/lib/node_modules/npm/node_modules/request/request.js:1082:10)
34 verbose stack     at emitOne (events.js:82:20)
34 verbose stack     at Request.emit (events.js:169:7)
34 verbose stack     at IncomingMessage.<anonymous> (/Users/home/.nvm/versions/node/v4.2.4/lib/node_modules/npm/node_modules/request/request.js:1009:12)
35 verbose statusCode 404
36 verbose pkgid fav-icon
37 verbose cwd /Users/home/ch/hw15vacations
38 error Darwin 15.2.0
39 error argv "/Users/home/.nvm/versions/node/v4.2.4/bin/node" "/Users/home/.nvm/versions/node/v4.2.4/bin/npm" "install" "fav-icon"
40 error node v4.2.4
41 error npm  v2.14.12
42 error code E404
43 error 404 Registry returned 404 for GET on https://registry.npmjs.org/fav-icon
43 error 404
43 error 404 'fav-icon' is not in the npm registry.
43 error 404 You should bug the author to publish it (or use the name yourself!)
43 error 404 It was specified as a dependency of 'homework10'
43 error 404
43 error 404 Note that you can also install from a
43 error 404 tarball, folder, http url, or git url.
44 verbose exit [ 1, true ]
